[    0.000000] Initializing cgroup subsys cpuset
[    0.000000] Initializing cgroup subsys cpu
[    0.000000] Initializing cgroup subsys cpuacct
[    0.000000] Linux version 4.4.0-169-generic (buildd@lgw01-amd64-022) (gcc version 5.4.0 20160609 (Ubuntu 5.4.0-6ubuntu1~16.04.12) ) #198-Ubuntu SMP Tue Nov 12 10:34:23 UTC 2019 (Ubuntu 4.4.0-169.198-generic 4.4.197)
[    0.000000] KERNEL supported cpus:
[    0.000000]   Intel GenuineIntel
[    0.000000]   AMD AuthenticAMD
[    0.000000]   NSC Geode by NSC
[    0.000000]   Cyrix CyrixInstead
[    0.000000]   Centaur CentaurHauls
[    0.000000]   Transmeta GenuineTMx86
[    0.000000]   Transmeta TransmetaCPU
[    0.000000]   UMC UMC UMC UMC
[    0.000000] x86/fpu: xstate_offset[2]:  576, xstate_sizes[2]:  256
[    0.000000] x86/fpu: Supporting XSAVE feature 0x01: 'x87 floating point registers'
[    0.000000] x86/fpu: Supporting XSAVE feature 0x02: 'SSE registers'
[    0.000000] x86/fpu: Supporting XSAVE feature 0x04: 'AVX registers'
[    0.000000] x86/fpu: Enabled xstate features 0x7, context size is 832 bytes, using 'standard' format.
[    0.000000] e820: BIOS-provided physical RAM map:
[    0.000000] BIOS-e820: [mem 0x0000000000000000-0x000000000009fbff] usable
[    0.000000] BIOS-e820: [mem 0x000000000009fc00-0x000000000009ffff] reserved
[    0.000000] BIOS-e820: [mem 0x00000000000f0000-0x00000000000fffff] reserved
[    0.000000] BIOS-e820: [mem 0x0000000000100000-0x000000003ffeffff] usable
[    0.000000] BIOS-e820: [mem 0x000000003fff0000-0x000000003fffffff] ACPI data
[    0.000000] BIOS-e820: [mem 0x00000000fec00000-0x00000000fec00fff] reserved
[    0.000000] BIOS-e820: [mem 0x00000000fee00000-0x00000000fee00fff] reserved
[    0.000000] BIOS-e820: [mem 0x00000000fffc0000-0x00000000ffffffff] reserved
[    0.000000] NX (Execute Disable) protection: active
[    0.000000] SMBIOS 2.5 present.
[    0.000000] Hypervisor detected: KVM
[    0.000000] e820: last_pfn = 0x3fff0 max_arch_pfn = 0x1000000
[    0.000000] MTRR: Disabled
[    0.000000] x86/PAT: MTRRs disabled, skipping PAT initialization too.
[    0.000000] CPU MTRRs all blank - virtualized system.
[    0.000000] x86/PAT: Configuration [0-7]: WB  WT  UC- UC  WB  WT  UC- UC  
[    0.000000] found SMP MP-table at [mem 0x0009fff0-0x0009ffff] mapped at [c009fff0]
[    0.000000] Scanning 1 areas for low memory corruption
[    0.000000] RAMDISK: [mem 0x363ba000-0x371d4fff]
[    0.000000] ACPI: Early table checksum verification disabled
[    0.000000] ACPI: RSDP 0x00000000000E0000 000024 (v02 VBOX  )
[    0.000000] ACPI: XSDT 0x000000003FFF0030 00003C (v01 VBOX   VBOXXSDT 00000001 ASL  00000061)
[    0.000000] ACPI: FACP 0x000000003FFF00F0 0000F4 (v04 VBOX   VBOXFACP 00000001 ASL  00000061)
[    0.000000] ACPI: DSDT 0x000000003FFF0470 0022EA (v02 VBOX   VBOXBIOS 00000002 INTL 20100528)
[    0.000000] ACPI: FACS 0x000000003FFF0200 000040
[    0.000000] ACPI: FACS 0x000000003FFF0200 000040
[    0.000000] ACPI: APIC 0x000000003FFF0240 00005C (v02 VBOX   VBOXAPIC 00000001 ASL  00000061)
[    0.000000] ACPI: SSDT 0x000000003FFF02A0 0001CC (v01 VBOX   VBOXCPUT 00000002 INTL 20100528)
[    0.000000] 131MB HIGHMEM available.
[    0.000000] 891MB LOWMEM available.
[    0.000000]   mapped low ram: 0 - 37bfe000
[    0.000000]   low ram: 0 - 37bfe000
[    0.000000] kvm-clock: Using msrs 4b564d01 and 4b564d00
[    0.000000] kvm-clock: cpu 0, msr 0:37bfd001, primary cpu clock
[    0.000000] kvm-clock: using sched offset of 7614794622 cycles
[    0.000000] clocksource: kvm-clock: mask: 0xffffffffffffffff max_cycles: 0x1cd42e4dffb, max_idle_ns: 881590591483 ns
[    0.000000] Zone ranges:
[    0.000000]   DMA      [mem 0x0000000000001000-0x0000000000ffffff]
[    0.000000]   Normal   [mem 0x0000000001000000-0x0000000037bfdfff]
[    0.000000]   HighMem  [mem 0x0000000037bfe000-0x000000003ffeffff]
[    0.000000] Movable zone start for each node
[    0.000000] Early memory node ranges
[    0.000000]   node   0: [mem 0x0000000000001000-0x000000000009efff]
[    0.000000]   node   0: [mem 0x0000000000100000-0x000000003ffeffff]
[    0.000000] Initmem setup node 0 [mem 0x0000000000001000-0x000000003ffeffff]
[    0.000000] Using APIC driver default
[    0.000000] ACPI: PM-Timer IO Port: 0x4008
[    0.000000] IOAPIC[0]: apic_id 2, version 32, address 0xfec00000, GSI 0-23
[    0.000000] ACPI: INT_SRC_OVR (bus 0 bus_irq 0 global_irq 2 dfl dfl)
[    0.000000] ACPI: INT_SRC_OVR (bus 0 bus_irq 9 global_irq 9 low level)
[    0.000000] Using ACPI (MADT) for SMP configuration information
[    0.000000] smpboot: Allowing 2 CPUs, 0 hotplug CPUs
[    0.000000] PM: Registered nosave memory: [mem 0x00000000-0x00000fff]
[    0.000000] PM: Registered nosave memory: [mem 0x0009f000-0x0009ffff]
[    0.000000] PM: Registered nosave memory: [mem 0x000a0000-0x000effff]
[    0.000000] PM: Registered nosave memory: [mem 0x000f0000-0x000fffff]
[    0.000000] e820: [mem 0x40000000-0xfebfffff] available for PCI devices
[    0.000000] Booting paravirtualized kernel on KVM
[    0.000000] clocksource: refined-jiffies: mask: 0xffffffff max_cycles: 0xffffffff, max_idle_ns: 7645519600211568 ns
[    0.000000] setup_percpu: NR_CPUS:8 nr_cpumask_bits:8 nr_cpu_ids:2 nr_node_ids:1
[    0.000000] PERCPU: Embedded 18 pages/cpu @f6396000 s43276 r0 d30452 u73728
[    0.000000] Built 1 zonelists in Zone order, mobility grouping on.  Total pages: 259800
[    0.000000] Kernel command line: BOOT_IMAGE=/boot/vmlinuz-4.4.0-169-generic root=LABEL=cloudimg-rootfs ro console=tty1 console=ttyS0
[    0.000000] PID hash table entries: 4096 (order: 2, 16384 bytes)
[    0.000000] Dentry cache hash table entries: 131072 (order: 7, 524288 bytes)
[    0.000000] Inode-cache hash table entries: 65536 (order: 6, 262144 bytes)
[    0.000000] Initializing CPU#0
[    0.000000] Initializing HighMem for node 0 (00037bfe:0003fff0)
[    0.000000] Initializing Movable for node 0 (00000000:00000000)
[    0.000000] Memory: 1008272K/1048120K available (8133K kernel code, 790K rwdata, 3212K rodata, 936K init, 788K bss, 39848K reserved, 0K cma-reserved, 135112K highmem)
[    0.000000] virtual kernel memory layout:
[    0.000000]     fixmap  : 0xfff15000 - 0xfffff000   ( 936 kB)
[    0.000000]     pkmap   : 0xffc00000 - 0xffe00000   (2048 kB)
[    0.000000]     vmalloc : 0xf83fe000 - 0xffbfe000   ( 120 MB)
[    0.000000]     lowmem  : 0xc0000000 - 0xf7bfe000   ( 891 MB)
[    0.000000]       .init : 0xc1bdd000 - 0xc1cc7000   ( 936 kB)
[    0.000000]       .data : 0xc17f1788 - 0xc1bdb980   (4008 kB)
[    0.000000]       .text : 0xc1000000 - 0xc17f1788   (8133 kB)
[    0.000000] Checking if this processor honours the WP bit even in supervisor mode...Ok.
[    0.000000] SLUB: HWalign=64, Order=0-3, MinObjects=0, CPUs=2, Nodes=1
[    0.000000] Hierarchical RCU implementation.
[    0.000000] 	Build-time adjustment of leaf fanout to 32.
[    0.000000] 	RCU restricting CPUs from NR_CPUS=8 to nr_cpu_ids=2.
[    0.000000] RCU: Adjusting geometry for rcu_fanout_leaf=32, nr_cpu_ids=2
[    0.000000] NR_IRQS:2304 nr_irqs:440 16
[    0.000000] Console: colour VGA+ 80x25
[    0.000000] console [tty1] enabled
[    0.000000] console [ttyS0] enabled
[    0.000000] allocated 1048576 bytes of page_ext
[    0.000000] tsc: Detected 3096.000 MHz processor
[    0.242700] Calibrating delay loop (skipped) preset value.. 6192.00 BogoMIPS (lpj=12384000)
[    0.244475] pid_max: default: 32768 minimum: 301
[    0.245524] ACPI: Core revision 20150930
[    0.247313] ACPI: 2 ACPI AML tables successfully acquired and loaded
[    0.248714] Security Framework initialized
[    0.252786] Yama: becoming mindful.
[    0.253790] AppArmor: AppArmor initialized
[    0.255180] Mount-cache hash table entries: 2048 (order: 1, 8192 bytes)
[    0.258348] Mountpoint-cache hash table entries: 2048 (order: 1, 8192 bytes)
[    0.261417] Initializing cgroup subsys io
[    0.262477] Initializing cgroup subsys memory
[    0.263586] Initializing cgroup subsys devices
[    0.264710] Initializing cgroup subsys freezer
[    0.267378] Initializing cgroup subsys net_cls
[    0.269242] Initializing cgroup subsys perf_event
[    0.270632] Initializing cgroup subsys net_prio
[    0.271882] Initializing cgroup subsys hugetlb
[    0.273926] Initializing cgroup subsys pids
[    0.277402] mce: CPU supports 0 MCE banks
[    0.278722] Last level iTLB entries: 4KB 64, 2MB 8, 4MB 8
[    0.280229] Last level dTLB entries: 4KB 64, 2MB 0, 4MB 0, 1GB 4
[    0.281541] Spectre V1 : Mitigation: usercopy/swapgs barriers and __user pointer sanitization
[    0.285328] Spectre V2 : Mitigation: Full generic retpoline
[    0.286929] Spectre V2 : Spectre v2 / SpectreRSB mitigation: Filling RSB on context switch
[    0.288552] Speculative Store Bypass: Vulnerable
[    0.290847] MDS: Mitigation: Clear CPU buffers
[    0.295447] Freeing SMP alternatives memory: 36K
[    0.302975] ftrace: allocating 31588 entries in 62 pages
[    0.369530] smpboot: APIC(0) Converting physical 0 to logical package 0
[    0.371651] smpboot: Max logical packages: 1
[    0.373061] Enabling APIC mode:  Flat.  Using 1 I/O APICs
[    0.375402] ..TIMER: vector=0x30 apic1=0 pin1=2 apic2=-1 pin2=-1
[    0.484845] smpboot: CPU0: Intel(R) Core(TM) i5-7267U CPU @ 3.10GHz (family: 0x6, model: 0x8e, stepping: 0x9)
[    0.488127] Performance Events: unsupported p6 CPU model 142 no PMU driver, software events only.
[    0.499599] KVM setup paravirtual spinlock
[    0.501729] x86: Booting SMP configuration:
[    0.503939] .... node  #0, CPUs:      #1
[1266874882.094756] Initializing CPU#1
[    0.507216] kvm-clock: cpu 1, msr 0:37bfd041, secondary cpu clock
[    0.511705] mce: CPU supports 0 MCE banks
[    0.515184] x86: Booted up 1 node, 2 CPUs
[    0.516921] smpboot: Total of 2 processors activated (12384.00 BogoMIPS)
[    0.520036] devtmpfs: initialized
[    0.521413] evm: security.selinux
[    0.522624] evm: security.SMACK64
[    0.524280] evm: security.SMACK64EXEC
[    0.525507] evm: security.SMACK64TRANSMUTE
[    0.527106] evm: security.SMACK64MMAP
[    0.528593] evm: security.ima
[    0.529728] evm: security.capability
[    0.531502] clocksource: jiffies: mask: 0xffffffff max_cycles: 0xffffffff, max_idle_ns: 7645041785100000 ns
[    0.535081] futex hash table entries: 512 (order: 3, 32768 bytes)
[    0.537304] pinctrl core: initialized pinctrl subsystem
[    0.539114] RTC time: 18:00:44, date: 11/22/19
[    0.541766] NET: Registered protocol family 16
[    0.544780] EISA bus registered
[    0.557123] cpuidle: using governor ladder
[    0.602960] cpuidle: using governor menu
[    0.607876] PCCT header not found.
[    0.610335] ACPI: bus type PCI registered
[    0.612130] acpiphp: ACPI Hot Plug PCI Controller Driver version: 0.5
[    0.614675] PCI : PCI BIOS area is rw and x. Use pci=nobios if you want it NX.
[    0.635214] PCI: PCI BIOS revision 2.10 entry at 0xfda26, last bus=0
[    0.730432] PCI: Using configuration type 1 for base access
[    0.777094] ACPI: Added _OSI(Module Device)
[    0.779526] ACPI: Added _OSI(Processor Device)
[    0.784888] ACPI: Added _OSI(3.0 _SCP Extensions)
[    0.788392] ACPI: Added _OSI(Processor Aggregator Device)
[    0.802492] ACPI: Executed 1 blocks of module-level executable AML code
[    0.811668] ACPI: Interpreter enabled
[    0.813534] ACPI: (supports S0 S5)
[    0.817080] ACPI: Using IOAPIC for interrupt routing
[    0.820018] PCI: Using host bridge windows from ACPI; if necessary, use "pci=nocrs" and report a bug
[    0.854325] ACPI: PCI Root Bridge [PCI0] (domain 0000 [bus 00-ff])
[    0.857186] acpi PNP0A03:00: _OSC: OS supports [ASPM ClockPM Segments MSI]
[    0.859805] acpi PNP0A03:00: _OSC: not requesting OS control; OS requires [ExtendedConfig ASPM ClockPM MSI]
[    0.863129] acpi PNP0A03:00: fail to add MMCONFIG information, can't access extended PCI configuration space under this bridge.
[    0.869747] PCI host bridge to bus 0000:00
[    0.871196] pci_bus 0000:00: root bus resource [io  0x0000-0x0cf7 window]
[    0.876265] pci_bus 0000:00: root bus resource [io  0x0d00-0xffff window]
[    0.878598] pci_bus 0000:00: root bus resource [mem 0x000a0000-0x000bffff window]
[    0.882453] pci_bus 0000:00: root bus resource [mem 0x40000000-0xfdffffff window]
[    0.885510] pci_bus 0000:00: root bus resource [bus 00-ff]
[    0.892197] pci 0000:00:01.1: legacy IDE quirk: reg 0x10: [io  0x01f0-0x01f7]
[    0.894265] pci 0000:00:01.1: legacy IDE quirk: reg 0x14: [io  0x03f6]
[    0.898327] pci 0000:00:01.1: legacy IDE quirk: reg 0x18: [io  0x0170-0x0177]
[    0.900528] pci 0000:00:01.1: legacy IDE quirk: reg 0x1c: [io  0x0376]
[    0.930730] pci 0000:00:07.0: quirk: [io  0x4000-0x403f] claimed by PIIX4 ACPI
[    0.933638] pci 0000:00:07.0: quirk: [io  0x4100-0x410f] claimed by PIIX4 SMB
[    1.000816] ACPI: PCI Interrupt Link [LNKA] (IRQs 5 9 10 *11)
[    1.015166] ACPI: PCI Interrupt Link [LNKB] (IRQs 5 9 *10 11)
[    1.027774] ACPI: PCI Interrupt Link [LNKC] (IRQs 5 *9 10 11)
[    1.037712] ACPI: PCI Interrupt Link [LNKD] (IRQs 5 9 10 *11)
[    1.042819] ACPI: Enabled 2 GPEs in block 00 to 07
[    1.049622] vgaarb: setting as boot device: PCI:0000:00:02.0
[    1.056446] vgaarb: device added: PCI:0000:00:02.0,decodes=io+mem,owns=io+mem,locks=none
[    1.072648] vgaarb: loaded
[    1.075351] vgaarb: bridge control possible 0000:00:02.0
[    1.080877] SCSI subsystem initialized
[    1.083581] ACPI: bus type USB registered
[    1.089023] usbcore: registered new interface driver usbfs
[    1.093467] usbcore: registered new interface driver hub
[    1.099234] usbcore: registered new device driver usb
[    1.108109] PCI: Using ACPI for IRQ routing
[    1.121989] NetLabel: Initializing
[    1.133811] NetLabel:  domain hash size = 128
[    1.145861] NetLabel:  protocols = UNLABELED CIPSOv4
[    1.150177] NetLabel:  unlabeled traffic allowed by default
[    1.153458] amd_nb: Cannot enumerate AMD northbridges
[    1.156378] clocksource: Switched to clocksource kvm-clock
[    1.166343] AppArmor: AppArmor Filesystem Enabled
[    1.174941] pnp: PnP ACPI init
[    1.178749] pnp: PnP ACPI: found 3 devices
[    1.184630] PnPBIOS: Disabled by ACPI PNP
[    1.239822] clocksource: acpi_pm: mask: 0xffffff max_cycles: 0xffffff, max_idle_ns: 2085701024 ns
[    1.243196] NET: Registered protocol family 2
[    1.244204] TCP established hash table entries: 8192 (order: 3, 32768 bytes)
[    1.247416] TCP bind hash table entries: 8192 (order: 4, 65536 bytes)
[    1.249171] TCP: Hash tables configured (established 8192 bind 8192)
[    1.251778] UDP hash table entries: 512 (order: 2, 16384 bytes)
[    1.256338] UDP-Lite hash table entries: 512 (order: 2, 16384 bytes)
[    1.258373] NET: Registered protocol family 1
[    1.266412] pci 0000:00:00.0: Limiting direct PCI/PCI transfers
[    1.268627] pci 0000:00:01.0: Activating ISA DMA hang workarounds
[    1.269913] Unpacking initramfs...
[    1.519424] Freeing initrd memory: 14444K
[    1.520867] clocksource: tsc: mask: 0xffffffffffffffff max_cycles: 0x2ca08564bf3, max_idle_ns: 440795312460 ns
[    1.523383] platform rtc_cmos: registered platform RTC device (no PNP device found)
[    1.525620] Scanning for low memory corruption every 60 seconds
[    1.527526] audit: initializing netlink subsys (disabled)
[    1.528680] audit: type=2000 audit(1574445653.257:1): initialized
[    1.530392] Initialise system trusted keyring
[    1.533136] HugeTLB registered 2 MB page size, pre-allocated 0 pages
[    1.536292] zbud: loaded
[    1.537691] VFS: Disk quotas dquot_6.6.0
[    1.538633] VFS: Dquot-cache hash table entries: 1024 (order 0, 4096 bytes)
[    1.541314] squashfs: version 4.0 (2009/01/31) Phillip Lougher
[    1.542861] fuse init (API version 7.23)
[    1.543927] Key type big_key registered
[    1.545248] Allocating IMA MOK and blacklist keyrings.
[    1.548374] Key type asymmetric registered
[    1.549319] Asymmetric key parser 'x509' registered
[    1.550303] bounce: pool size: 64 pages
[    1.551164] Block layer SCSI generic (bsg) driver version 0.4 loaded (major 249)
[    1.553465] io scheduler noop registered
[    1.554566] io scheduler deadline registered (default)
[    1.556887] io scheduler cfq registered
[    1.557970] pci_hotplug: PCI Hot Plug PCI Core version: 0.5
[    1.559339] pciehp: PCI Express Hot Plug Controller Driver version: 0.4
[    1.561670] ACPI: AC Adapter [AC] (off-line)
[    1.563269] input: Power Button as /devices/LNXSYSTM:00/LNXPWRBN:00/input/input0
[    1.566757] ACPI: Power Button [PWRF]
[    1.567690] input: Sleep Button as /devices/LNXSYSTM:00/LNXSLPBN:00/input/input1
[    1.569623] ACPI: Sleep Button [SLPF]
[    1.571523] GHES: HEST is not enabled!
[    1.572787] ACPI: Battery Slot [BAT0] (battery present)
[    1.575889] isapnp: Scanning for PnP cards...
[    1.580495] Serial: 8250/16550 driver, 32 ports, IRQ sharing enabled
[    1.604134] 00:02: ttyS0 at I/O 0x3f8 (irq = 4, base_baud = 115200) is a 16550A
[    1.611108] Linux agpgart interface v0.103
[    1.613060] loop: module loaded
[    1.615952] scsi host0: ata_piix
[    1.616922] scsi host1: ata_piix
[    1.617840] ata1: PATA max UDMA/33 cmd 0x1f0 ctl 0x3f6 bmdma 0xd000 irq 14
[    1.621036] ata2: PATA max UDMA/33 cmd 0x170 ctl 0x376 bmdma 0xd008 irq 15
[    1.623033] libphy: Fixed MDIO Bus: probed
[    1.624099] tun: Universal TUN/TAP device driver, 1.6
[    1.629912] tun: (C) 1999-2004 Max Krasnyansky <maxk@qualcomm.com>
[    1.633781] PPP generic driver version 2.4.2
[    1.635246] ehci_hcd: USB 2.0 'Enhanced' Host Controller (EHCI) Driver
[    1.642732] ehci-pci: EHCI PCI platform driver
[    1.647803] ehci-platform: EHCI generic platform driver
[    1.649690] ohci_hcd: USB 1.1 'Open' Host Controller (OHCI) Driver
[    1.650878] ohci-pci: OHCI PCI platform driver
[    1.651786] ohci-platform: OHCI generic platform driver
[    1.656610] uhci_hcd: USB Universal Host Controller Interface driver
[    1.663517] i8042: PNP: PS/2 Controller [PNP0303:PS2K,PNP0f03:PS2M] at 0x60,0x64 irq 1,12
[    1.674073] serio: i8042 KBD port at 0x60,0x64 irq 1
[    1.677628] serio: i8042 AUX port at 0x60,0x64 irq 12
[    1.681538] mousedev: PS/2 mouse device common for all mice
[    1.685853] input: AT Translated Set 2 keyboard as /devices/platform/i8042/serio0/input/input2
[    1.687934] rtc_cmos rtc_cmos: rtc core: registered rtc_cmos as rtc0
[    1.689351] rtc_cmos rtc_cmos: alarms up to one day, 114 bytes nvram
[    1.690930] i2c /dev entries driver
[    1.692803] device-mapper: uevent: version 1.0.3
[    1.694052] device-mapper: ioctl: 4.34.0-ioctl (2015-10-28) initialised: dm-devel@redhat.com
[    1.695767] platform eisa.0: Probing EISA bus 0
[    1.697056] platform eisa.0: EISA: Cannot allocate resource for mainboard
[    1.698694] platform eisa.0: Cannot allocate resource for EISA slot 1
[    1.700463] platform eisa.0: Cannot allocate resource for EISA slot 2
[    1.704825] platform eisa.0: Cannot allocate resource for EISA slot 3
[    1.711729] platform eisa.0: Cannot allocate resource for EISA slot 4
[    1.718044] platform eisa.0: Cannot allocate resource for EISA slot 5
[    1.720543] platform eisa.0: Cannot allocate resource for EISA slot 6
[    1.723554] platform eisa.0: Cannot allocate resource for EISA slot 7
[    1.725917] platform eisa.0: Cannot allocate resource for EISA slot 8
[    1.727483] platform eisa.0: EISA: Detected 0 cards
[    1.728740] cpufreq-nforce2: No nForce2 chipset.
[    1.729829] ledtrig-cpu: registered to indicate activity on CPUs
[    1.731261] NET: Registered protocol family 10
[    1.732771] NET: Registered protocol family 17
[    1.735614] Key type dns_resolver registered
[    1.740100] Using IPI No-Shortcut mode
[    1.741700] registered taskstats version 1
[    1.745005] Loading compiled-in X.509 certificates
[    1.748363] Loaded X.509 cert 'Build time autogenerated kernel key: fddb9f2cd36c8fad9a27677861b59aa5c7e88869'
[    1.752899] zswap: loaded using pool lzo/zbud
[    1.755496] Key type trusted registered
[    1.759787] Key type encrypted registered
[    1.760821] AppArmor: AppArmor sha1 policy hashing enabled
[    1.763090] ima: No TPM chip found, activating TPM-bypass!
[    1.765199] ima: Allocated hash algorithm: sha1
[    1.769566] evm: HMAC attrs: 0x1
[    1.770710]   Magic number: 11:555:39
[    1.771687] bdi 7:4: hash matches
[    1.772706] rtc_cmos rtc_cmos: setting system clock to 2019-11-22 18:00:45 UTC (1574445645)
[    1.777811] BIOS EDD facility v0.16 2004-Jun-25, 0 devices found
[    1.779267] EDD information not available.
[    1.942847] isapnp: No Plug & Play device found
[    1.944599] Freeing unused kernel memory: 936K
[    2.345561] Write protecting the kernel text: 8136k
[    2.351074] Write protecting the kernel read-only data: 3216k
[    2.362054] NX-protecting the kernel data: 6200k
Loading, please wait...
starting version 229
[    2.402358] random: udevadm: uninitialized urandom read (16 bytes read, 0 bits of entropy available)
[    2.409029] random: systemd-udevd: uninitialized urandom read (16 bytes read, 0 bits of entropy available)
[    2.409128] random: systemd-udevd: uninitialized urandom read (16 bytes read, 0 bits of entropy available)
[    2.409151] random: systemd-udevd: uninitialized urandom read (16 bytes read, 0 bits of entropy available)
[    2.460161] random: systemd-udevd: uninitialized urandom read (16 bytes read, 0 bits of entropy available)
[    2.465102] random: udevadm: uninitialized urandom read (16 bytes read, 0 bits of entropy available)
[    2.465159] random: udevadm: uninitialized urandom read (16 bytes read, 0 bits of entropy available)
[    2.465349] random: udevadm: uninitialized urandom read (16 bytes read, 0 bits of entropy available)
[    2.465418] random: udevadm: uninitialized urandom read (16 bytes read, 0 bits of entropy available)
[    2.465482] random: udevadm: uninitialized urandom read (16 bytes read, 0 bits of entropy available)
[    2.817698] Fusion MPT base driver 3.04.20
[    2.820070] Copyright (c) 1999-2008 LSI Corporation
[    2.824491] e1000: Intel(R) PRO/1000 Network Driver - version 7.3.21-k8-NAPI
[    2.827422] e1000: Copyright (c) 1999-2006 Intel Corporation.
[    2.845379] Fusion MPT SPI Host driver 3.04.20
[    3.027490] input: ImExPS/2 Generic Explorer Mouse as /devices/platform/i8042/serio1/input/input4
[    3.285423] e1000 0000:00:03.0 eth0: (PCI:33MHz:32-bit) 02:1b:c4:c0:89:53
[    3.287443] e1000 0000:00:03.0 eth0: Intel(R) PRO/1000 Network Connection
[    3.290292] e1000 0000:00:03.0 enp0s3: renamed from eth0
[    3.292032] mptbase: ioc0: Initiating bringup
[    3.377106] ioc0: LSI53C1030 A0: Capabilities={Initiator}
[    3.884239] scsi host2: ioc0: LSI53C1030 A0, FwRev=00000000h, Ports=1, MaxQ=256, IRQ=20
[    4.411561] scsi 2:0:0:0: Direct-Access     VBOX     HARDDISK         1.0  PQ: 0 ANSI: 5
[    4.413386] scsi target2:0:0: Beginning Domain Validation
[    4.416721] scsi target2:0:0: Domain Validation skipping write tests
[    4.418791] scsi target2:0:0: Ending Domain Validation
[    4.420986] scsi target2:0:0: asynchronous
[    4.422897] scsi 2:0:1:0: Direct-Access     VBOX     HARDDISK         1.0  PQ: 0 ANSI: 5
[    4.424718] scsi target2:0:1: Beginning Domain Validation
[    4.427496] scsi target2:0:1: Domain Validation skipping write tests
[    4.429177] scsi target2:0:1: Ending Domain Validation
[    4.430676] scsi target2:0:1: asynchronous
[    4.442644] sd 2:0:0:0: [sda] 20971520 512-byte logical blocks: (10.7 GB/10.0 GiB)
[    4.442789] sd 2:0:0:0: Attached scsi generic sg0 type 0
[    4.443225] sd 2:0:1:0: [sdb] 20480 512-byte logical blocks: (10.5 MB/10.0 MiB)
[    4.443483] sd 2:0:1:0: [sdb] Write Protect is off
[    4.443805] sd 2:0:1:0: Attached scsi generic sg1 type 0
[    4.445082] sd 2:0:1:0: [sdb] Incomplete mode parameter data
[    4.445084] sd 2:0:1:0: [sdb] Assuming drive cache: write through
[    4.448092] sd 2:0:1:0: [sdb] Attached SCSI disk
[    4.476950] sd 2:0:0:0: [sda] Write Protect is off
[    4.479110] sd 2:0:0:0: [sda] Incomplete mode parameter data
[    4.480786] sd 2:0:0:0: [sda] Assuming drive cache: write through
[    4.486068]  sda: sda1
[    4.488768] sd 2:0:0:0: [sda] Attached SCSI disk
Begin: Loading essential drivers ... [    5.810310] md: linear personality registered for level -1
[    5.816583] md: multipath personality registered for level -4
[    5.825544] md: raid0 personality registered for level 0
[    5.852311] md: raid1 personality registered for level 1
[    5.928501] raid6: mmxx1    gen()  4345 MB/s
[    5.996473] raid6: mmxx2    gen()  5512 MB/s
[    6.064651] raid6: sse1x1   gen()  5411 MB/s
[    6.132616] raid6: sse1x2   gen()  6135 MB/s
[    6.200412] raid6: sse2x1   gen() 11011 MB/s
[    6.347322] raid6: sse2x1   xor()  2825 MB/s
[    6.417074] raid6: sse2x2   gen()  7625 MB/s
[    6.484753] raid6: sse2x2   xor()  3636 MB/s
[    6.556931] raid6: avx2x1   gen() 10230 MB/s
[    6.624416] raid6: avx2x2   gen() 23837 MB/s
[    6.626068] raid6: using algorithm avx2x2 gen() 23837 MB/s
[    6.627902] raid6: using avx2x1 recovery algorithm
[    6.632736] xor: automatically using best checksumming function:
[    6.672880]    avx       : 29630.000 MB/sec
[    6.676607] async_tx: api initialized (async)
[    6.697243] md: raid6 personality registered for level 6
[    6.698669] md: raid5 personality registered for level 5
[    6.699896] md: raid4 personality registered for level 4
[    6.710451] md: raid10 personality registered for level 10
done.
Begin: Running /scripts/init-premount ... done.
Begin: Mounting root file system ... Begin: Running /scripts/local-top ... done.
Begin: Running /scripts/local-premount ... [    6.754942] Btrfs loaded
Scanning for Btrfs filesystems
done.
Warning: fsck not present, so skipping root file system
[    6.823643] EXT4-fs (sda1): mounted filesystem with ordered data mode. Opts: (null)
done.
Begin: Running /scripts/local-bottom ... done.
Begin: Running /scripts/init-bottom ... done.
[    7.248303] systemd[1]: systemd 229 running in system mode. (+PAM +AUDIT +SELINUX +IMA +APPARMOR +SMACK +SYSVINIT +UTMP +LIBCRYPTSETUP +GCRYPT +GNUTLS +ACL +XZ -LZ4 +SECCOMP +BLKID +ELFUTILS +KMOD -IDN)
[    7.252944] systemd[1]: Detected virtualization oracle.
[    7.253975] systemd[1]: Detected architecture x86.

Welcome to [1mUbuntu 16.04.6 LTS[0m!

[    7.272332] systemd[1]: Set hostname to <ubuntu-xenial>.
[    7.528762] random: nonblocking pool is initialized
[    7.687275] systemd[1]: Started Trigger resolvconf update for networkd DNS.
[[0;32m  OK  [0m] Started Trigger resolvconf update for networkd DNS.
[    7.694132] systemd[1]: Created slice User and Session Slice.
[[0;32m  OK  [0m] Created slice User and Session Slice.
[    7.698082] systemd[1]: Listening on Device-mapper event daemon FIFOs.
[[0;32m  OK  [0m] Listening on Device-mapper event daemon FIFOs.
[    7.702425] systemd[1]: Created slice System Slice.
[[0;32m  OK  [0m] Created slice System Slice.
[    7.706662] systemd[1]: Created slice system-serial\x2dgetty.slice.
[[0;32m  OK  [0m] Created slice system-serial\x2dgetty.slice.
[    7.716766] systemd[1]: Listening on Syslog Socket.
[[0;32m  OK  [0m] Listening on Syslog Socket.
[    7.719713] systemd[1]: Listening on udev Control Socket.
[[0;32m  OK  [0m] Listening on udev Control Socket.
[    7.723463] systemd[1]: Listening on LVM2 poll daemon socket.
[[0;32m  OK  [0m] Listening on LVM2 poll daemon socket.
[    7.733139] systemd[1]: Listening on udev Kernel Socket.
[[0;32m  OK  [0m] Listening on udev Kernel Socket.
[    7.735426] systemd[1]: Reached target System Time Synchronized.
[[0;32m  OK  [0m] Reached target System Time Synchronized.
[    7.737843] systemd[1]: Reached target Slices.
[[0;32m  OK  [0m] Reached target Slices.
[    7.739664] systemd[1]: Reached target Swap.
[[0;32m  OK  [0m] Reached target Swap.
[    7.741779] systemd[1]: Started Forward Password Requests to Wall Directory Watch.
[[0;32m  OK  [0m] Started Forward Password Requests to Wall Directory Watch.
[    7.745925] systemd[1]: Reached target User and Group Name Lookups.
[[0;32m  OK  [0m] Reached target User and Group Name Lookups.
[    7.748568] systemd[1]: Listening on Journal Audit Socket.
[[0;32m  OK  [0m] Listening on Journal Audit Socket.
[    7.750973] systemd[1]: Set up automount Arbitrary Executable File Formats File System Automount Point.
[[0;32m  OK  [0m] Set up automount Arbitrary Executab...ats File System Automount Point.
[    7.754975] systemd[1]: Listening on /dev/initctl Compatibility Named Pipe.
[[0;32m  OK  [0m] Listening on /dev/initctl Compatibility Named Pipe.
[    7.758023] systemd[1]: Reached target Encrypted Volumes.
[[0;32m  OK  [0m] Reached target Encrypted Volumes.
[    7.761186] systemd[1]: Listening on LVM2 metadata daemon socket.
[[0;32m  OK  [0m] Listening on LVM2 metadata daemon socket.
[    7.763793] systemd[1]: Listening on Journal Socket.
[[0;32m  OK  [0m] Listening on Journal Socket.
[    7.777359] systemd[1]: Mounting Debug File System...
         Mounting Debug File System...
[    7.781691] systemd[1]: Starting Remount Root and Kernel File Systems...
         Starting Remount Root and Kernel File Systems...
[    7.785162] systemd[1]: Starting Monitoring of LVM2 mirrors, snapshots etc. using dmeventd or progress polling...
         Starting Monitoring of LVM2 mirrors... dmeventd or progress polling...
[    7.812281] systemd[1]: Starting Load Kernel Modules...
         Starting Load Kernel Modules...
[    7.816306] systemd[1]: Starting Uncomplicated firewall...
         Starting Uncomplicated firewall...
[    7.818888] systemd[1]: Starting Nameserver information manager...
         Starting Nameserver information manager...
[    7.822445] systemd[1]: Mounting POSIX Message Queue File System...
[    7.823721] EXT4-fs (sda1): re-mounted. Opts: (null)
         Mounting POSIX Message Queue File System...
[    7.828859] systemd[1]: Mounting Huge Pages File System...
         Mounting Huge Pages File System...
[    7.831788] systemd[1]: Starting Create list of required static device nodes for the current kernel...
         Starting Create list of required st... nodes for the current kernel...
[    7.836622] systemd[1]: Starting Set console keymap...
         Starting Set console keymap...
[    7.841805] systemd[1]: Listening on Journal Socket (/dev/log).
[[0;32m  OK  [0m] Listening on Journal Socket (/dev/log).
[    7.845463] systemd[1]: Starting Journal Service...
         Starting Journal Service...
[    7.849397] systemd[1]: Mounted Huge Pages File System.
[[0;32m  OK  [0m] Mounted Huge Pages File System.
[    7.851498] systemd[1]: Mounted POSIX Message Queue File System.
[[0;32m  OK  [0m] Mounted POSIX Message Queue File System.
[    7.860774] systemd[1]: Mounted Debug File System.
[[0;32m  OK  [0m] Mounted Debug File System.
[    7.864574] systemd[1]: Started Remount Root and Kernel File Systems.
[[0;32m  OK  [0m] Started Remount Root and Kernel File Systems.
[    7.868526] systemd[1]: Started Uncomplicated firewall.
[[0;32m  OK  [0m] Started Uncomplicated firewall.
[    7.871897] Loading iSCSI transport class v2.0-870.
[    7.872148] systemd[1]: Started Create list of required static device nodes for the current kernel.
[[0;32m  OK  [0m] Started Create list of required sta...ce nodes for the current kernel.
[    7.889589] systemd[1]: Started Nameserver information manager.
[[0;32m  OK  [0m] Started Nameserver information manager.
[    7.909216] iscsi: registered transport (tcp)
[    7.956616] systemd[1]: Started LVM2 metadata daemon.
[[0;32m  OK  [0m] Started LVM2 metadata daemon.
[    7.960899] systemd[1]: Starting Create Static Device Nodes in /dev...
         Starting Create Static Device Nodes in /dev...
[    7.972596] systemd[1]: Starting udev Coldplug all Devices...
         Starting udev Coldplug all Devices...
[    7.977084] systemd[1]: Starting Load/Save Random Seed...
         Starting Load/Save Random Seed...
[    7.987519] systemd[1]: Started Set console keymap.
[[0;32m  OK  [0m] Started Set console keymap.
[    8.008381] systemd[1]: Started Journal Service.
[[0;32m  OK  [0m] Started Journal Service.
[[0;32m  OK  [0m] Started Load/Save Random Seed.
         Starting Flush Journal to Persistent Storage...
[    8.051394] iscsi: registered transport (iser)
[[0;32m  OK  [0m] Started Load Kernel Modules.
         Starting Apply Kernel Variables...
         Mounting FUSE Control File System...
[[0;32m  OK  [0m] Mounted FUSE Control File System.
[[0;32m  OK  [0m] Started udev Coldplug all Devices.
[    8.075109] systemd-journald[392]: Received request to flush runtime journal from PID 1
[[0;32m  OK  [0m] Started Flush Journal to Persistent Storage.
[[0;32m  OK  [0m] Started Create Static Device Nodes in /dev.
[[0;32m  OK  [0m] Started Apply Kernel Variables.
         Starting udev Kernel Device Manager...
[[0;32m  OK  [0m] Started udev Kernel Device Manager.
[[0;32m  OK  [0m] Started Dispatch Password Requests to Console Directory Watch.
[[0;32m  OK  [0m] Found device /dev/ttyS0.
[[0;32m  OK  [0m] Listening on Load/Save RF Kill Switch Status /dev/rfkill Watch.
[[0;32m  OK  [0m] Started Monitoring of LVM2 mirrors,...ng dmeventd or progress polling.
[[0;32m  OK  [0m] Reached target Local File Systems (Pre).
[[0;32m  OK  [0m] Reached target Local File Systems.
         Starting Initial cloud-init job (pre-networking)...
         Starting Create Volatile Files and Directories...
         Starting Set console font and keymap...
         Starting Tell Plymouth To Write Out Runtime Data...
         Starting LSB: AppArmor initialization...
[[0;32m  OK  [0m] Started Create Volatile Files and Directories.
[[0;32m  OK  [0m] Found device 82540EM Gigabit Ethern...r (PRO/1000 MT Desktop Adapter).
         Starting Update UTMP about System Boot/Shutdown...
[[0;32m  OK  [0m] Started Tell Plymouth To Write Out Runtime Data.
[[0;32m  OK  [0m] Started Update UTMP about System Boot/Shutdown.
[[0;32m  OK  [0m] Started LSB: AppArmor initialization.
[[0;32m  OK  [0m] Started Set console font and keymap.
[[0;32m  OK  [0m] Created slice system-getty.slice.
[   10.076262] cloud-init[600]: Cloud-init v. 19.2-36-g059d049c-0ubuntu2~16.04.1 running 'init-local' at Fri, 22 Nov 2019 18:00:53 +0000. Up 9.58 seconds.
[[0;32m  OK  [0m] Started Initial cloud-init job (pre-networking).
[[0;32m  OK  [0m] Reached target Network (Pre).
         Starting Raise network interfaces...
[[0;32m  OK  [0m] Started ifup for enp0s3.
[[0;32m  OK  [0m] Started Raise network interfaces.
         Starting Initial cloud-init job (metadata service crawler)...
[[0;32m  OK  [0m] Reached target Network.
[   10.931446] cloud-init[971]: Cloud-init v. 19.2-36-g059d049c-0ubuntu2~16.04.1 running 'init' at Fri, 22 Nov 2019 18:00:54 +0000. Up 10.65 seconds.
[   10.934004] cloud-init[971]: ci-info: ++++++++++++++++++++++++++++++++++++++Net device info++++++++++++++++++++++++++++++++++++++
[   10.936492] cloud-init[971]: ci-info: +--------+------+----------------------------+---------------+--------+-------------------+
[   10.940007] cloud-init[971]: ci-info: | Device |  Up  |          Address           |      Mask     | Scope  |     Hw-Address    |
[   10.942886] cloud-init[971]: ci-info: +--------+------+----------------------------+---------------+--------+-------------------+
[   10.946167] cloud-init[971]: ci-info: | enp0s3 | True |         10.0.2.15          | 255.255.255.0 | global | 02:1b:c4:c0:89:53 |
[   10.949026] cloud-init[971]: ci-info: | enp0s3 | True | fe80::1b:c4ff:fec0:8953/64 |       .       |  link  | 02:1b:c4:c0:89:53 |
[   10.952017] cloud-init[971]: ci-info: |   lo   | True |         127.0.0.1          |   255.0.0.0   |  host  |         .         |
[   10.955013] cloud-init[971]: ci-info: |   lo   | True |          ::1/128           |       .       |  host  |         .         |
[   10.958028] cloud-init[971]: ci-info: +--------+------+----------------------------+---------------+--------+-------------------+
[   10.961235] cloud-init[971]: ci-info: +++++++++++++++++++++++++++Route IPv4 info++++++++++++++++++++++++++++
[   10.963406] cloud-init[971]: ci-info: +-------+-------------+----------+---------------+-----------+-------+
[   10.965715] cloud-init[971]: ci-info: | Route | Destination | Gateway  |    Genmask    | Interface | Flags |
[   10.967734] cloud-init[971]: ci-info: +-------+-------------+----------+---------------+-----------+-------+
[   10.970107] cloud-init[971]: ci-info: |   0   |   0.0.0.0   | 10.0.2.2 |    0.0.0.0    |   enp0s3  |   UG  |
[   10.972462] cloud-init[971]: ci-info: |   1   |   10.0.2.0  | 0.0.0.0  | 255.255.255.0 |   enp0s3  |   U   |
[   10.974619] cloud-init[971]: ci-info: +-------+-------------+----------+---------------+-----------+-------+
[   10.976946] cloud-init[971]: ci-info: +++++++++++++++++++Route IPv6 info+++++++++++++++++++
[   10.979136] cloud-init[971]: ci-info: +-------+-------------+---------+-----------+-------+
[   10.981212] cloud-init[971]: ci-info: | Route | Destination | Gateway | Interface | Flags |
[   10.982902] cloud-init[971]: ci-info: +-------+-------------+---------+-----------+-------+
[   10.984766] cloud-init[971]: ci-info: |   0   |  fe80::/64  |    ::   |   enp0s3  |   U   |
[   10.986651] cloud-init[971]: ci-info: |   3   |   ff00::/8  |    ::   |   enp0s3  |   U   |
[   10.988652] cloud-init[971]: ci-info: +-------+-------------+---------+-----------+-------+
[[0;32m  OK  [0m] Started Initial cloud-init job (metadata service crawler).
[[0;32m  OK  [0m] Reached target Network is Online.
         Starting iSCSI initiator daemon (iscsid)...
[[0;32m  OK  [0m] Reached target Cloud-config availability.
[[0;32m  OK  [0m] Reached target System Initialization.
[[0;32m  OK  [0m] Started ACPI Events Check.
[[0;32m  OK  [0m] Reached target Paths.
[[0;32m  OK  [0m] Listening on ACPID Listen Socket.
[[0;32m  OK  [0m] Started Daily apt download activities.
[[0;32m  OK  [0m] Started Daily apt upgrade and clean activities.
         Starting LXD - unix socket.
[[0;32m  OK  [0m] Listening on UUID daemon activation socket.
         Starting Socket activation for snappy daemon.
[[0;32m  OK  [0m] Started Daily Cleanup of Temporary Directories.
[[0;32m  OK  [0m] Listening on D-Bus System Message Bus Socket.
[[0;32m  OK  [0m] Started Message of the Day.
[[0;32m  OK  [0m] Reached target Timers.
[[0;32m  OK  [0m] Listening on LXD - unix socket.
[[0;32m  OK  [0m] Listening on Socket activation for snappy daemon.
[[0;32m  OK  [0m] Started iSCSI initiator daemon (iscsid).
         Starting Login to default iSCSI targets...
[[0;32m  OK  [0m] Reached target Sockets.
[[0;32m  OK  [0m] Reached target Basic System.
[[0;32m  OK  [0m] Started Deferred execution scheduler.
         Starting /etc/rc.local Compatibility...
         Starting LXD - container startup/shutdown...
[[0;32m  OK  [0m] Started Regular background program processing daemon.
         Starting Virtualbox guest utils...
         Starting Login Service...
[[0;32m  OK  [0m] Started ACPI event daemon.
         Starting Accounts Service...
         Starting LSB: Record successful boot for GRUB...
[[0;32m  OK  [0m] Started D-Bus System Message Bus.
[[0;32m  OK  [0m] Started FUSE filesystem for LXC.
         Starting System Logging Service...
         Starting OpenBSD Secure Shell server...
         Starting LSB: MD monitoring daemon...
         Starting Snappy daemon...
[[0;32m  OK  [0m] Started /etc/rc.local Compatibility.
[[0;32m  OK  [0m] Started Login to default iSCSI targets.
[[0;32m  OK  [0m] Started System Logging Service.
[[0;32m  OK  [0m] Started LSB: Record successful boot for GRUB.
[[0;32m  OK  [0m] Started Login Service.
[[0;32m  OK  [0m] Started Unattended Upgrades Shutdown.
         Starting Authenticate and Authorize Users to Run Privileged Tasks...
[[0;32m  OK  [0m] Reached target Remote File Systems (Pre).
[[0;32m  OK  [0m] Reached target Remote File Systems.
         Starting Permit User Sessions...
         Starting LSB: daemon to balance interrupts for SMP systems...
         Starting LSB: automatic crash report generation...
         Starting LSB: Set the CPU Frequency Scaling governor to "ondemand"...
[[0;32m  OK  [0m] Started Permit User Sessions.
[[0;32m  OK  [0m] Started LXD - container startup/shutdown.
[[0;32m  OK  [0m] Started LSB: MD monitoring daemon.
[[0;32m  OK  [0m] Started Authenticate and Authorize Users to Run Privileged Tasks.
         Starting Hold until boot process finishes up...
         Starting Terminate Plymouth Boot Screen...
[[0;32m  OK  [0m] Started OpenBSD Secure Shell server.
[[0;32m  OK  [0m] Started LSB: daemon to balance interrupts for SMP systems.
[[0;32m  OK  [0m] Started LSB: Set the CPU Frequency Scaling governor to "ondemand".
[[0;32m  OK  [0m] Started Hold until boot process finishes up.
[[0;32m  OK  [0m] Started Terminate Plymouth Boot Screen.
[[0;32m  OK  [0m] Started Accounts Service.
         Starting Set console scheme...
[[0;32m  OK  [0m] Started Serial Getty on ttyS0.
[[0;32m  OK  [0m] Started Getty on tty1.
[[0;32m  OK  [0m] Reached target Login Prompts.
[[0;32m  OK  [0m] Started Set console scheme.
[[0;32m  OK  [0m] Started Virtualbox guest utils.
[[0;32m  OK  [0m] Started LSB: automatic crash report generation.
[[0;32m  OK  [0m] Started Snappy daemon.
         Starting Wait until snapd is fully seeded...
[[0;32m  OK  [0m] Started Wait until snapd is fully seeded.
[[0;32m  OK  [0m] Reached target Multi-User System.
[[0;32m  OK  [0m] Reached target Graphical Interface.
         Starting Update UTMP about System Runlevel Changes...
         Starting Apply the settings specified in cloud-config...
[[0;32m  OK  [0m] Started Update UTMP about System Runlevel Changes.
[   12.834198] cloud-init[1232]: Cloud-init v. 19.2-36-g059d049c-0ubuntu2~16.04.1 running 'modules:config' at Fri, 22 Nov 2019 18:00:57 +0000. Up 12.74 seconds.
[[0;32m  OK  [0m] Started Apply the settings specified in cloud-config.
         Starting Execute cloud user/final scripts...
[   13.263989] cloud-init[1246]: Cloud-init v. 19.2-36-g059d049c-0ubuntu2~16.04.1 running 'modules:final' at Fri, 22 Nov 2019 18:00:57 +0000. Up 13.16 seconds.
[   13.267145] cloud-init[1246]: Cloud-init v. 19.2-36-g059d049c-0ubuntu2~16.04.1 finished at Fri, 22 Nov 2019 18:00:57 +0000. Datasource DataSourceNoCloud [seed=/dev/sdb][dsmode=net].  Up 13.25 seconds
[[0;32m  OK  [0m] Started Execute cloud user/final scripts.
[[0;32m  OK  [0m] Reached target Cloud-init target.

Ubuntu 16.04.6 LTS ubuntu-xenial ttyS0

ubuntu-xenial login: [  113.554880] BUG: unable to handle kernel NULL pointer dereference at   (null)
[  113.562937] IP: [<c13d0fb1>] strcpy+0x11/0x20
[  113.563803] *pdpt = 0000000033d39001 *pde = 0000000000000000 
[  113.564967] Oops: 0002 [#1] SMP 
[  113.565703] Modules linked in: opsysmem(OE) vboxsf isofs input_leds vboxguest crc32_pclmul serio_raw video ib_iser rdma_cm iw_cm ib_cm ib_sa ib_mad ib_core ib_addr iscsi_tcp libiscsi_tcp libiscsi scsi_transport_iscsi autofs4 btrfs raid10 raid456 async_raid6_recov async_memcpy async_pq async_xor async_tx xor raid6_pq libcrc32c raid1 raid0 multipath linear aesni_intel xts aes_i586 lrw gf128mul ablk_helper mptspi cryptd scsi_transport_spi mptscsih psmouse mptbase e1000
[  113.578849] CPU: 1 PID: 2787 Comm: test Tainted: G           OE   4.4.0-169-generic #198-Ubuntu
[  113.580826] Hardware name: innotek GmbH VirtualBox/VirtualBox, BIOS VirtualBox 12/01/2006
[  113.582825] task: f3d31e00 ti: f3c18000 task.ti: f3c18000
[  113.584081] EIP: 0060:[<c13d0fb1>] EFLAGS: 00010246 CPU: 1
[  113.585358] EIP is at strcpy+0x11/0x20
[  113.586246] EAX: 00000061 EBX: 00000003 ECX: 00000000 EDX: bfc1743c
[  113.587692] ESI: bfc1743d EDI: 00000000 EBP: f3c19ef4 ESP: f3c19eec
[  113.589194]  DS: 007b ES: 007b FS: 00d8 GS: 00e0 SS: 0068
[  113.590623] CR0: 80050033 CR2: 00000000 CR3: 36d9e7e0 CR4: 000406f0
[  113.592598] Stack:
[  113.593416]  f3c19f60 00000000 f3c19f14 f86260e3 f3c19f28 c11ee288 080ac02d f86260b0
[  113.596690]  f3c19f60 bfc1743c f3c19f28 c11ede12 f3c19f60 f3fa16c0 00000003 f3c19f50
[  113.599863]  c11ee53c f3c19f60 00000000 00000000 f4ca9178 f3c19fac f3fa16c0 f3fa16c0
[  113.602824] Call Trace:
[  113.603963]  [<f86260e3>] device_write+0x33/0xf0 [opsysmem]
[  113.606498]  [<c11ee288>] ? rw_verify_area+0x58/0x140
[  113.608115]  [<f86260b0>] ? device_open+0x60/0x60 [opsysmem]
[  113.610076]  [<c11ede12>] __vfs_write+0x22/0x50
[  113.611835]  [<c11ee53c>] vfs_write+0x8c/0x1b0
[  113.613251]  [<c11eef59>] SyS_write+0x59/0xd0
[  113.614582]  [<c100397f>] do_fast_syscall_32+0x9f/0x190
[  113.616439]  [<c17ef530>] sysenter_past_esp+0x3d/0x61
[  113.617881] Code: 59 c3 66 4a 75 07 51 e8 ae 0d cf ff 59 c3 51 52 e8 45 0e cf ff 5a 59 c3 90 90 55 89 e5 57 56 3e 8d 74 26 00 89 c1 89 d6 89 c7 ac <aa> 84 c0 75 fa 5e 89 c8 5f 5d c3 8d 74 26 00 55 89 e5 57 56 53
[  113.625330] EIP: [<c13d0fb1>] strcpy+0x11/0x20 SS:ESP 0068:f3c19eec
[  113.627046] CR2: 0000000000000000
[  113.628029] ---[ end trace cdcc8b1dae8fd76c ]---
[  113.633122] OpSysMEM: Device successfully closed
[  157.014789] opsysmem: Goodbye from the LKM!
[  559.864679] 'mknod /dev/opsysmem c 248 0'.
[  574.771999] OpSysMEM: Device has been opened 1 time(s)
[  576.323998] BUG: unable to handle kernel NULL pointer dereference at   (null)
[  576.326095] IP: [<c13d0fb1>] strcpy+0x11/0x20
[  576.327061] *pdpt = 0000000033493001 *pde = 0000000000000000 
[  576.328356] Oops: 0002 [#2] SMP 
[  576.329295] Modules linked in: opsysmem(OE) vboxsf isofs input_leds vboxguest crc32_pclmul serio_raw video ib_iser rdma_cm iw_cm ib_cm ib_sa ib_mad ib_core ib_addr iscsi_tcp libiscsi_tcp libiscsi scsi_transport_iscsi autofs4 btrfs raid10 raid456 async_raid6_recov async_memcpy async_pq async_xor async_tx xor raid6_pq libcrc32c raid1 raid0 multipath linear aesni_intel xts aes_i586 lrw gf128mul ablk_helper mptspi cryptd scsi_transport_spi mptscsih psmouse mptbase e1000 [last unloaded: opsysmem]
[  576.343084] CPU: 0 PID: 4169 Comm: test Tainted: G      D    OE   4.4.0-169-generic #198-Ubuntu
[  576.345588] Hardware name: innotek GmbH VirtualBox/VirtualBox, BIOS VirtualBox 12/01/2006
[  576.347905] task: f6f9ee00 ti: f5e24000 task.ti: f5e24000
[  576.349318] EIP: 0060:[<c13d0fb1>] EFLAGS: 00010246 CPU: 0
[  576.350747] EIP is at strcpy+0x11/0x20
[  576.351791] EAX: 00000061 EBX: 00000003 ECX: 00000000 EDX: bff7a85c
[  576.353606] ESI: bff7a85d EDI: 00000000 EBP: f5e25ef8 ESP: f5e25ef0
[  576.355509]  DS: 007b ES: 007b FS: 00d8 GS: 00e0 SS: 0068
[  576.357106] CR0: 80050033 CR2: 00000000 CR3: 355c41e0 CR4: 000406f0
[  576.358715] Stack:
[  576.359368]  00000000 bff7a85c f5e25f14 f866c111 c11ee288 f6f9ee00 f5587800 f866c0b0
[  576.361887]  f5e25f60 f5e25f28 c11ede12 f5e25f60 f3cb8900 00000003 f5e25f50 c11ee53c
[  576.364514]  f5e25f60 00000086 f639fe00 f375ee00 f5e25fac f3cb8900 f3cb8900 00000003
[  576.367210] Call Trace:
[  576.367972]  [<f866c111>] device_write+0x61/0x130 [opsysmem]
[  576.369585]  [<c11ee288>] ? rw_verify_area+0x58/0x140
[  576.370919]  [<f866c0b0>] ? device_open+0x60/0x60 [opsysmem]
[  576.372906]  [<c11ede12>] __vfs_write+0x22/0x50
[  576.374471]  [<c11ee53c>] vfs_write+0x8c/0x1b0
[  576.376010]  [<c11eef59>] SyS_write+0x59/0xd0
[  576.377894]  [<c100397f>] do_fast_syscall_32+0x9f/0x190
[  576.385009]  [<c17ef530>] sysenter_past_esp+0x3d/0x61
[  576.386050] Code: 59 c3 66 4a 75 07 51 e8 ae 0d cf ff 59 c3 51 52 e8 45 0e cf ff 5a 59 c3 90 90 55 89 e5 57 56 3e 8d 74 26 00 89 c1 89 d6 89 c7 ac <aa> 84 c0 75 fa 5e 89 c8 5f 5d c3 8d 74 26 00 55 89 e5 57 56 53
[  576.396715] EIP: [<c13d0fb1>] strcpy+0x11/0x20 SS:ESP 0068:f5e25ef0
[  576.398188] CR2: 0000000000000000
[  576.399036] ---[ end trace cdcc8b1dae8fd76d ]---
[  576.400356] OpSysMEM: Device successfully closed
[  701.765433] OpSysMEM: Device has been opened 2 time(s)
[  703.687384] BUG: unable to handle kernel NULL pointer dereference at   (null)
[  703.689461] IP: [<c13d0fb1>] strcpy+0x11/0x20
[  703.690457] *pdpt = 00000000341a0001 *pde = 0000000000000000 
[  703.692093] Oops: 0002 [#3] SMP 
[  703.697457] Modules linked in: opsysmem(OE) vboxsf isofs input_leds vboxguest crc32_pclmul serio_raw video ib_iser rdma_cm iw_cm ib_cm ib_sa ib_mad ib_core ib_addr iscsi_tcp libiscsi_tcp libiscsi scsi_transport_iscsi autofs4 btrfs raid10 raid456 async_raid6_recov async_memcpy async_pq async_xor async_tx xor raid6_pq libcrc32c raid1 raid0 multipath linear aesni_intel xts aes_i586 lrw gf128mul ablk_helper mptspi cryptd scsi_transport_spi mptscsih psmouse mptbase e1000 [last unloaded: opsysmem]
[  703.845263] CPU: 1 PID: 4229 Comm: test Tainted: G      D    OE   4.4.0-169-generic #198-Ubuntu
[  703.852358] Hardware name: innotek GmbH VirtualBox/VirtualBox, BIOS VirtualBox 12/01/2006
[  703.859833] task: f4126e00 ti: f3d18000 task.ti: f3d18000
[  703.861542] EIP: 0060:[<c13d0fb1>] EFLAGS: 00010246 CPU: 1
[  703.864043] EIP is at strcpy+0x11/0x20
[  703.867166] EAX: 00000061 EBX: 00000003 ECX: 00000000 EDX: bf8eeebc
[  703.873133] ESI: bf8eeebd EDI: 00000000 EBP: f3d19ef8 ESP: f3d19ef0
[  703.877128]  DS: 007b ES: 007b FS: 00d8 GS: 00e0 SS: 0068
[  703.879122] CR0: 80050033 CR2: 00000000 CR3: 35559aa0 CR4: 000406f0
[  703.881375] Stack:
[  703.882379]  00000000 bf8eeebc f3d19f14 f866c111 c11ee288 f4126e00 00000000 f866c0b0
[  703.887860]  f3d19f60 f3d19f28 c11ede12 f3d19f60 f6cd5900 00000003 f3d19f50 c11ee53c
[  703.910012]  f3d19f60 000000a3 f63b1e00 f375ee00 f3d19fac f6cd5900 f6cd5900 00000003
[  703.915147] Call Trace:
[  703.918814]  [<f866c111>] device_write+0x61/0x130 [opsysmem]
[  703.924344]  [<c11ee288>] ? rw_verify_area+0x58/0x140
[  703.936661]  [<f866c0b0>] ? device_open+0x60/0x60 [opsysmem]
[  703.941841]  [<c11ede12>] __vfs_write+0x22/0x50
[  703.947889]  [<c11ee53c>] vfs_write+0x8c/0x1b0
[  703.949434]  [<c11eef59>] SyS_write+0x59/0xd0
[  703.950800]  [<c100397f>] do_fast_syscall_32+0x9f/0x190
[  703.954899]  [<c17ef530>] sysenter_past_esp+0x3d/0x61
[  703.956555] Code: 59 c3 66 4a 75 07 51 e8 ae 0d cf ff 59 c3 51 52 e8 45 0e cf ff 5a 59 c3 90 90 55 89 e5 57 56 3e 8d 74 26 00 89 c1 89 d6 89 c7 ac <aa> 84 c0 75 fa 5e 89 c8 5f 5d c3 8d 74 26 00 55 89 e5 57 56 53
[  703.980581] EIP: [<c13d0fb1>] strcpy+0x11/0x20 SS:ESP 0068:f3d19ef0
[  703.984395] CR2: 0000000000000000
[  703.986867] ---[ end trace cdcc8b1dae8fd76e ]---
[  703.992117] OpSysMEM: Device successfully closed
[  718.080668] opsysmem: Goodbye from the LKM!
[  817.148525] 'mknod /dev/opsysmem c 248 0'.
[  843.274522] opsysmem: Device has been opened 1 time(s)
[  844.529776] BUG: unable to handle kernel NULL pointer dereference at   (null)
[  844.532336] IP: [<c13d0fb1>] strcpy+0x11/0x20
[  844.533848] *pdpt = 0000000033c17001 *pde = 0000000000000000 
[  844.535653] Oops: 0002 [#4] SMP 
[  844.536796] Modules linked in: opsysmem(OE) vboxsf isofs input_leds vboxguest crc32_pclmul serio_raw video ib_iser rdma_cm iw_cm ib_cm ib_sa ib_mad ib_core ib_addr iscsi_tcp libiscsi_tcp libiscsi scsi_transport_iscsi autofs4 btrfs raid10 raid456 async_raid6_recov async_memcpy async_pq async_xor async_tx xor raid6_pq libcrc32c raid1 raid0 multipath linear aesni_intel xts aes_i586 lrw gf128mul ablk_helper mptspi cryptd scsi_transport_spi mptscsih psmouse mptbase e1000 [last unloaded: opsysmem]
[  844.551856] CPU: 0 PID: 6144 Comm: test Tainted: G      D    OE   4.4.0-169-generic #198-Ubuntu
[  844.554376] Hardware name: innotek GmbH VirtualBox/VirtualBox, BIOS VirtualBox 12/01/2006
[  844.556781] task: f55eb200 ti: f55e2000 task.ti: f55e2000
[  844.558199] EIP: 0060:[<c13d0fb1>] EFLAGS: 00010246 CPU: 0
[  844.559790] EIP is at strcpy+0x11/0x20
[  844.560928] EAX: 00000061 EBX: 00000003 ECX: 00000000 EDX: bf8d497c
[  844.562534] ESI: bf8d497d EDI: 00000000 EBP: f55e3ef8 ESP: f55e3ef0
[  844.564269]  DS: 007b ES: 007b FS: 00d8 GS: 00e0 SS: 0068
[  844.565625] CR0: 80050033 CR2: 00000000 CR3: 33d4d640 CR4: 000406f0
[  844.567570] Stack:
[  844.568449]  00000000 bf8d497c f55e3f14 f8678111 c11ee288 0949902d c14bf7e0 f86780b0
[  844.571296]  f55e3f60 f55e3f28 c11ede12 f55e3f60 f6dd7e40 00000003 f55e3f50 c11ee53c
[  844.573838]  f55e3f60 00000000 00000000 f4ca9178 f55e3fac f6dd7e40 f6dd7e40 00000003
[  844.576842] Call Trace:
[  844.577877]  [<f8678111>] device_write+0x61/0x120 [opsysmem]
[  844.580992]  [<c11ee288>] ? rw_verify_area+0x58/0x140
[  844.582363]  [<c14bf7e0>] ? tty_read+0xd0/0xd0
[  844.583523]  [<f86780b0>] ? device_open+0x60/0x60 [opsysmem]
[  844.584939]  [<c11ede12>] __vfs_write+0x22/0x50
[  844.586840]  [<c11ee53c>] vfs_write+0x8c/0x1b0
[  844.588247]  [<c11eef59>] SyS_write+0x59/0xd0
[  844.589943]  [<c100397f>] do_fast_syscall_32+0x9f/0x190
[  844.591435]  [<c17ef530>] sysenter_past_esp+0x3d/0x61
[  844.592791] Code: 59 c3 66 4a 75 07 51 e8 ae 0d cf ff 59 c3 51 52 e8 45 0e cf ff 5a 59 c3 90 90 55 89 e5 57 56 3e 8d 74 26 00 89 c1 89 d6 89 c7 ac <aa> 84 c0 75 fa 5e 89 c8 5f 5d c3 8d 74 26 00 55 89 e5 57 56 53
[  844.600268] EIP: [<c13d0fb1>] strcpy+0x11/0x20 SS:ESP 0068:f55e3ef0
[  844.605201] CR2: 0000000000000000
[  844.606732] ---[ end trace cdcc8b1dae8fd76f ]---
[  844.611488] opsysmem: Device successfully closed
[  888.008379] opsysmem: Goodbye from the LKM!
[  904.148587] 'mknod /dev/opsysmem c 248 0'.
[  918.822120] opsysmem: Device has been opened 1 time(s)
[  921.276306] opsysmem: buffer -> (asd)
[  921.286549] opsysmem: total_size -> (3)[  921.289673] opsysmem: 1 messages, Received (asd) from the user
[  924.485291] opsysmem: Sent 0 characters to the user
[  924.487049] opsysmem: Device successfully closed
[ 1013.777662] opsysmem: Device has been opened 2 time(s)
[ 1014.853225] opsysmem: buffer -> (asd)
[ 1014.854475] opsysmem: total_size -> (6)[ 1014.855775] opsysmem: 1 messages, Received (asd) from the user
[ 1019.206826] opsysmem: Sent 0 characters to the user
[ 1019.222690] opsysmem: Device successfully closed
